{
  "stats": {
    "suites": 1,
    "tests": 1,
    "passes": 1,
    "pending": 0,
    "failures": 0,
    "start": "2021-09-26T15:33:38.405Z",
    "end": "2021-09-26T15:33:45.726Z",
    "duration": 7321,
    "testsRegistered": 1,
    "passPercent": 100,
    "pendingPercent": 0,
    "other": 0,
    "hasOther": false,
    "skipped": 0,
    "hasSkipped": false
  },
  "results": [
    {
      "uuid": "95413323-fb6b-45aa-872d-11272d75bef1",
      "title": "",
      "fullFile": "cypress/integration/signin.spec.js",
      "file": "cypress/integration/signin.spec.js",
      "beforeHooks": [],
      "afterHooks": [],
      "tests": [],
      "suites": [
        {
          "uuid": "0553a622-17b5-4044-9114-99545d6b5eae",
          "title": "account page tests",
          "fullFile": "",
          "file": "",
          "beforeHooks": [],
          "afterHooks": [],
          "tests": [
            {
              "title": "Should signin",
              "fullTitle": "account page tests Should signin",
              "timedOut": null,
              "duration": 7295,
              "state": "passed",
              "speed": "slow",
              "pass": true,
              "fail": false,
              "pending": false,
              "context": null,
              "code": "cy.login();\ncy.url().should(\"include\", \"/auth/signin\");\ncy.contains('MY ACCOUNT').should('have.text', 'MY ACCOUNT');\ncy.get('.user-avatar > .ng-star-inserted').click();\ncy.contains('Logout').click();\ncy.contains('Create an account').should('be.visible');",
              "err": {},
              "uuid": "b6cdc59c-c8a7-4bda-bfa5-ba920ecd6c3c",
              "parentUUID": "0553a622-17b5-4044-9114-99545d6b5eae",
              "isHook": false,
              "skipped": false
            }
          ],
          "suites": [],
          "passes": [
            "b6cdc59c-c8a7-4bda-bfa5-ba920ecd6c3c"
          ],
          "failures": [],
          "pending": [],
          "skipped": [],
          "duration": 7295,
          "root": false,
          "rootEmpty": false,
          "_timeout": 2000
        }
      ],
      "passes": [],
      "failures": [],
      "pending": [],
      "skipped": [],
      "duration": 0,
      "root": true,
      "rootEmpty": true,
      "_timeout": 2000
    }
  ],
  "meta": {
    "mocha": {
      "version": "7.0.1"
    },
    "mochawesome": {
      "options": {
        "quiet": false,
        "reportFilename": "mochawesome",
        "saveHtml": false,
        "saveJson": true,
        "consoleReporter": "spec",
        "useInlineDiffs": false,
        "code": true
      },
      "version": "6.2.2"
    },
    "marge": {
      "options": {
        "id": "default",
        "reportDir": "cypress/reports/mocha",
        "quite": true,
        "overwrite": false,
        "html": false,
        "json": true
      },
      "version": "5.2.0"
    }
  }
}