{
  "stats": {
    "suites": 1,
    "tests": 2,
    "passes": 2,
    "pending": 0,
    "failures": 0,
    "start": "2021-09-26T15:33:01.900Z",
    "end": "2021-09-26T15:33:25.794Z",
    "duration": 23894,
    "testsRegistered": 2,
    "passPercent": 100,
    "pendingPercent": 0,
    "other": 0,
    "hasOther": false,
    "skipped": 0,
    "hasSkipped": false
  },
  "results": [
    {
      "uuid": "bbf05888-f7c7-4e4d-a171-f90252beea39",
      "title": "",
      "fullFile": "cypress/integration/account.spec.js",
      "file": "cypress/integration/account.spec.js",
      "beforeHooks": [],
      "afterHooks": [],
      "tests": [],
      "suites": [
        {
          "uuid": "95207d21-3639-4b25-b316-46c71dbbc73f",
          "title": "account page tests",
          "fullFile": "",
          "file": "",
          "beforeHooks": [],
          "afterHooks": [],
          "tests": [
            {
              "title": "should upload file",
              "fullTitle": "account page tests should upload file",
              "timedOut": null,
              "duration": 10426,
              "state": "passed",
              "speed": "slow",
              "pass": true,
              "fail": false,
              "pending": false,
              "context": null,
              "code": "cy.url().should(\"include\", \"/auth/signin\");\ncy.get('.mat-subheader').should('have.text', 'MY ACCOUNT');\ncy.get('.add-file-button').click();\ncy.contains('Upload files').click().attachFile(\"file1.pdf\");",
              "err": {},
              "uuid": "e7b5f379-1c94-437d-9bca-ac588d380ed8",
              "parentUUID": "95207d21-3639-4b25-b316-46c71dbbc73f",
              "isHook": false,
              "skipped": false
            },
            {
              "title": "should download file",
              "fullTitle": "account page tests should download file",
              "timedOut": null,
              "duration": 13385,
              "state": "passed",
              "speed": "slow",
              "pass": true,
              "fail": false,
              "pending": false,
              "context": null,
              "code": "cy.url().should(\"include\", \"/auth/signin\");\ncy.get('.mat-subheader').should('have.text', 'MY ACCOUNT');\ncy.get('.file-checkbox').click();\ncy.getBySelAs('download-2').click();\ncy.wait(5000);\ncy.get('.main').should('have.text', 'All downloads finished');",
              "err": {},
              "uuid": "6aa52de6-2278-415e-8c15-623857e5c638",
              "parentUUID": "95207d21-3639-4b25-b316-46c71dbbc73f",
              "isHook": false,
              "skipped": false
            }
          ],
          "suites": [],
          "passes": [
            "e7b5f379-1c94-437d-9bca-ac588d380ed8",
            "6aa52de6-2278-415e-8c15-623857e5c638"
          ],
          "failures": [],
          "pending": [],
          "skipped": [],
          "duration": 23811,
          "root": false,
          "rootEmpty": false,
          "_timeout": 2000
        }
      ],
      "passes": [],
      "failures": [],
      "pending": [],
      "skipped": [],
      "duration": 0,
      "root": true,
      "rootEmpty": true,
      "_timeout": 2000
    }
  ],
  "meta": {
    "mocha": {
      "version": "7.0.1"
    },
    "mochawesome": {
      "options": {
        "quiet": false,
        "reportFilename": "mochawesome",
        "saveHtml": false,
        "saveJson": true,
        "consoleReporter": "spec",
        "useInlineDiffs": false,
        "code": true
      },
      "version": "6.2.2"
    },
    "marge": {
      "options": {
        "id": "default",
        "reportDir": "cypress/reports/mocha",
        "quite": true,
        "overwrite": false,
        "html": false,
        "json": true
      },
      "version": "5.2.0"
    }
  }
}