{
  "stats": {
    "suites": 1,
    "tests": 2,
    "passes": 2,
    "pending": 0,
    "failures": 0,
    "start": "2021-09-26T15:26:25.508Z",
    "end": "2021-09-26T15:26:56.584Z",
    "duration": 31076,
    "testsRegistered": 2,
    "passPercent": 100,
    "pendingPercent": 0,
    "other": 0,
    "hasOther": false,
    "skipped": 0,
    "hasSkipped": false
  },
  "results": [
    {
      "uuid": "48222408-2f71-4ea6-9ebf-9b18174a06e0",
      "title": "",
      "fullFile": "cypress/integration/account.spec.js",
      "file": "cypress/integration/account.spec.js",
      "beforeHooks": [],
      "afterHooks": [],
      "tests": [],
      "suites": [
        {
          "uuid": "5f152256-f616-4901-a709-918242631bc6",
          "title": "account page tests",
          "fullFile": "",
          "file": "",
          "beforeHooks": [],
          "afterHooks": [],
          "tests": [
            {
              "title": "should upload file",
              "fullTitle": "account page tests should upload file",
              "timedOut": null,
              "duration": 17281,
              "state": "passed",
              "speed": "slow",
              "pass": true,
              "fail": false,
              "pending": false,
              "context": null,
              "code": "cy.url().should(\"include\", \"/auth/signin\");\ncy.get('.mat-subheader').should('have.text', 'MY ACCOUNT');\ncy.get('.add-file-button').click();\ncy.contains('Upload files').click().attachFile(\"file1.pdf\");",
              "err": {},
              "uuid": "3c83d03a-01f1-4d69-a2cc-2bebaa22e85c",
              "parentUUID": "5f152256-f616-4901-a709-918242631bc6",
              "isHook": false,
              "skipped": false
            },
            {
              "title": "should download file",
              "fullTitle": "account page tests should download file",
              "timedOut": null,
              "duration": 13559,
              "state": "passed",
              "speed": "slow",
              "pass": true,
              "fail": false,
              "pending": false,
              "context": null,
              "code": "cy.url().should(\"include\", \"/auth/signin\");\ncy.get('.mat-subheader').should('have.text', 'MY ACCOUNT');\ncy.get('.file-checkbox').click();\ncy.getBySelAs('download-2').click();\ncy.wait(5000);\ncy.get('.main').should('have.text', 'All downloads finished');",
              "err": {},
              "uuid": "2f1620e7-61d8-439e-bb49-33aa4f427f7f",
              "parentUUID": "5f152256-f616-4901-a709-918242631bc6",
              "isHook": false,
              "skipped": false
            }
          ],
          "suites": [],
          "passes": [
            "3c83d03a-01f1-4d69-a2cc-2bebaa22e85c",
            "2f1620e7-61d8-439e-bb49-33aa4f427f7f"
          ],
          "failures": [],
          "pending": [],
          "skipped": [],
          "duration": 30840,
          "root": false,
          "rootEmpty": false,
          "_timeout": 2000
        }
      ],
      "passes": [],
      "failures": [],
      "pending": [],
      "skipped": [],
      "duration": 0,
      "root": true,
      "rootEmpty": true,
      "_timeout": 2000
    }
  ],
  "meta": {
    "mocha": {
      "version": "7.0.1"
    },
    "mochawesome": {
      "options": {
        "quiet": false,
        "reportFilename": "mochawesome",
        "saveHtml": false,
        "saveJson": true,
        "consoleReporter": "spec",
        "useInlineDiffs": false,
        "code": true
      },
      "version": "6.2.2"
    },
    "marge": {
      "options": {
        "id": "default",
        "reportDir": "cypress/reports/mocha",
        "quite": true,
        "overwrite": false,
        "html": false,
        "json": true
      },
      "version": "5.2.0"
    }
  }
}